<?xml version="1.0" encoding="UTF-8"?>
<!-- Generated by org.testng.reporters.JUnitReportReporter -->
<testsuite skipped="1" hostname="DESKTOP-RCL2SU1" name="com.testrunners.PracticeAutomationTestingtestrunner" tests="1" failures="0" timestamp="2020-04-07T12:45:34 IST" time="0.000" errors="0">
  <testcase name="feature" time="0.000" classname="com.testrunners.PracticeAutomationTestingtestrunner">
    <skipped/>
  </testcase> <!-- feature -->
</testsuite> <!-- com.testrunners.PracticeAutomationTestingtestrunner -->
